c:\users\au573522\dropbox\vs-server-demo\server-demo\server-demo\debug\server-demo.pch
c:\users\au573522\dropbox\vs-server-demo\server-demo\server-demo\debug\vc141.pdb
c:\users\au573522\dropbox\vs-server-demo\server-demo\server-demo\debug\vc141.idb
c:\users\au573522\dropbox\vs-server-demo\server-demo\server-demo\debug\pch.obj
c:\users\au573522\dropbox\vs-server-demo\server-demo\server-demo\debug\server-demo.obj
c:\users\au573522\dropbox\vs-server-demo\server-demo\debug\server-demo.ilk
c:\users\au573522\dropbox\vs-server-demo\server-demo\debug\server-demo.exe
c:\users\au573522\dropbox\vs-server-demo\server-demo\debug\server-demo.pdb
\\uni.au.dk\users\au573522\documents\github\fc-projects\examples\client-server-unity-vs\vs-server-demo\server-demo\server-demo\debug\pch.obj
\\uni.au.dk\users\au573522\documents\github\fc-projects\examples\client-server-unity-vs\vs-server-demo\server-demo\server-demo\debug\server-demo.obj
\\uni.au.dk\users\au573522\documents\github\fc-projects\examples\client-server-unity-vs\vs-server-demo\server-demo\server-demo\debug\server-demo.pch
\\uni.au.dk\users\au573522\documents\github\fc-projects\examples\client-server-unity-vs\vs-server-demo\server-demo\server-demo\debug\vc141.idb
\\uni.au.dk\users\au573522\documents\github\fc-projects\examples\client-server-unity-vs\vs-server-demo\server-demo\server-demo\debug\vc141.pdb
\\uni.au.dk\users\au573522\documents\github\fc-projects\examples\client-server-unity-vs\vs-server-demo\server-demo\debug\server-demo.pdb
\\uni.au.dk\users\au573522\documents\github\fc-projects\examples\client-server-unity-vs\vs-server-demo\server-demo\debug\server-demo.exe
\\uni.au.dk\users\au573522\documents\github\fc-projects\examples\client-server-unity-vs\vs-server-demo\server-demo\debug\server-demo.ilk
\\uni.au.dk\users\au573522\documents\github\fc-projects\examples\client-server-unity-vs\vs-server-demo\server-demo\server-demo\debug\server-demo.tlog\cl.command.1.tlog
\\uni.au.dk\users\au573522\documents\github\fc-projects\examples\client-server-unity-vs\vs-server-demo\server-demo\server-demo\debug\server-demo.tlog\cl.read.1.tlog
\\uni.au.dk\users\au573522\documents\github\fc-projects\examples\client-server-unity-vs\vs-server-demo\server-demo\server-demo\debug\server-demo.tlog\cl.write.1.tlog
\\uni.au.dk\users\au573522\documents\github\fc-projects\examples\client-server-unity-vs\vs-server-demo\server-demo\server-demo\debug\server-demo.tlog\link.command.1.tlog
\\uni.au.dk\users\au573522\documents\github\fc-projects\examples\client-server-unity-vs\vs-server-demo\server-demo\server-demo\debug\server-demo.tlog\link.read.1.tlog
\\uni.au.dk\users\au573522\documents\github\fc-projects\examples\client-server-unity-vs\vs-server-demo\server-demo\server-demo\debug\server-demo.tlog\link.write.1.tlog
